# Generated by the VisualDSP++ IDDE (Mon Mar 27 19:04:29 2017)
# Project File: E:\ADSP21489\workspace\DSP950\DSP950_V020170113\DSP950_V020160113.dpj

"E:\Program Files (x86)\Analog Devices\VisualDSP 5.1.2\cc21k.exe" -c .\src\Channel_To_DA_Port.c -file-attr ProjectName=DSP950_V020160113 -O -Ov100 -structs-do-not-overlap -no-multiline -double-size-32 -swc -warn-protos -si-revision 0.2 -proc ADSP-21489 -o .\Release\Channel_To_DA_Port.doj -MM
"E:\Program Files (x86)\Analog Devices\VisualDSP 5.1.2\cc21k.exe" -c .\src\CS4385A.c -file-attr ProjectName=DSP950_V020160113 -O -Ov100 -structs-do-not-overlap -no-multiline -double-size-32 -swc -warn-protos -si-revision 0.2 -proc ADSP-21489 -o .\Release\CS4385A.doj -MM
"E:\Program Files (x86)\Analog Devices\VisualDSP 5.1.2\cc21k.exe" -c .\src\CS5368.c -file-attr ProjectName=DSP950_V020160113 -O -Ov100 -structs-do-not-overlap -no-multiline -double-size-32 -swc -warn-protos -si-revision 0.2 -proc ADSP-21489 -o .\Release\CS5368.doj -MM
"E:\Program Files (x86)\Analog Devices\VisualDSP 5.1.2\cc21k.exe" -c .\src\Dsp_Signal.c -file-attr ProjectName=DSP950_V020160113 -O -Ov100 -structs-do-not-overlap -no-multiline -double-size-32 -swc -warn-protos -si-revision 0.2 -proc ADSP-21489 -o .\Release\Dsp_Signal.doj -MM
"E:\Program Files (x86)\Analog Devices\VisualDSP 5.1.2\cc21k.exe" -c .\src\EQ.c -file-attr ProjectName=DSP950_V020160113 -O -Ov100 -structs-do-not-overlap -no-multiline -double-size-32 -swc -warn-protos -si-revision 0.2 -proc ADSP-21489 -o .\Release\EQ.doj -MM
"E:\Program Files (x86)\Analog Devices\VisualDSP 5.1.2\cc21k.exe" -c .\src\init_PLL_SDRAM.c -file-attr ProjectName=DSP950_V020160113 -O -Ov100 -structs-do-not-overlap -no-multiline -double-size-32 -swc -warn-protos -si-revision 0.2 -proc ADSP-21489 -o .\Release\init_PLL_SDRAM.doj -MM
"E:\Program Files (x86)\Analog Devices\VisualDSP 5.1.2\cc21k.exe" -c .\src\initSRU.c -file-attr ProjectName=DSP950_V020160113 -O -Ov100 -structs-do-not-overlap -no-multiline -double-size-32 -swc -warn-protos -si-revision 0.2 -proc ADSP-21489 -o .\Release\initSRU.doj -MM
"E:\Program Files (x86)\Analog Devices\VisualDSP 5.1.2\cc21k.exe" -c .\src\Input_Types.c -file-attr ProjectName=DSP950_V020160113 -O -Ov100 -structs-do-not-overlap -no-multiline -double-size-32 -swc -warn-protos -si-revision 0.2 -proc ADSP-21489 -o .\Release\Input_Types.doj -MM
"E:\Program Files (x86)\Analog Devices\VisualDSP 5.1.2\cc21k.exe" -c .\main.c -file-attr ProjectName=DSP950_V020160113 -O -Ov100 -structs-do-not-overlap -no-multiline -double-size-32 -swc -warn-protos -si-revision 0.2 -proc ADSP-21489 -o .\Release\main.doj -MM
"E:\Program Files (x86)\Analog Devices\VisualDSP 5.1.2\cc21k.exe" -c .\src\MIC.c -file-attr ProjectName=DSP950_V020160113 -O -Ov100 -structs-do-not-overlap -no-multiline -double-size-32 -swc -warn-protos -si-revision 0.2 -proc ADSP-21489 -o .\Release\MIC.doj -MM
"E:\Program Files (x86)\Analog Devices\VisualDSP 5.1.2\cc21k.exe" -c .\src\PCM4104.c -file-attr ProjectName=DSP950_V020160113 -O -Ov100 -structs-do-not-overlap -no-multiline -double-size-32 -swc -warn-protos -si-revision 0.2 -proc ADSP-21489 -o .\Release\PCM4104.doj -MM
"E:\Program Files (x86)\Analog Devices\VisualDSP 5.1.2\cc21k.exe" -c .\src\RCA.c -file-attr ProjectName=DSP950_V020160113 -O -Ov100 -structs-do-not-overlap -no-multiline -double-size-32 -swc -warn-protos -si-revision 0.2 -proc ADSP-21489 -o .\Release\RCA.doj -MM
"E:\Program Files (x86)\Analog Devices\VisualDSP 5.1.2\cc21k.exe" -c .\src\Spdif_Coax.c -file-attr ProjectName=DSP950_V020160113 -O -Ov100 -structs-do-not-overlap -no-multiline -double-size-32 -swc -warn-protos -si-revision 0.2 -proc ADSP-21489 -o .\Release\Spdif_Coax.doj -MM
"E:\Program Files (x86)\Analog Devices\VisualDSP 5.1.2\cc21k.exe" -c .\src\SPI.c -file-attr ProjectName=DSP950_V020160113 -O -Ov100 -structs-do-not-overlap -no-multiline -double-size-32 -swc -warn-protos -si-revision 0.2 -proc ADSP-21489 -o .\Release\SPI.doj -MM
"E:\Program Files (x86)\Analog Devices\VisualDSP 5.1.2\cc21k.exe" -c .\src\Spi_Code.c -file-attr ProjectName=DSP950_V020160113 -O -Ov100 -structs-do-not-overlap -no-multiline -double-size-32 -swc -warn-protos -si-revision 0.2 -proc ADSP-21489 -o .\Release\Spi_Code.doj -MM
"E:\Program Files (x86)\Analog Devices\VisualDSP 5.1.2\cc21k.exe" -c .\src\SPORT0_isr.c -file-attr ProjectName=DSP950_V020160113 -O -Ov100 -structs-do-not-overlap -no-multiline -double-size-32 -swc -warn-protos -si-revision 0.2 -proc ADSP-21489 -o .\Release\SPORT0_isr.doj -MM
"E:\Program Files (x86)\Analog Devices\VisualDSP 5.1.2\cc21k.exe" -c .\src\timer.c -file-attr ProjectName=DSP950_V020160113 -O -Ov100 -structs-do-not-overlap -no-multiline -double-size-32 -swc -warn-protos -si-revision 0.2 -proc ADSP-21489 -o .\Release\timer.doj -MM
"E:\Program Files (x86)\Analog Devices\VisualDSP 5.1.2\cc21k.exe" -c .\src\Volume.c -file-attr ProjectName=DSP950_V020160113 -O -Ov100 -structs-do-not-overlap -no-multiline -double-size-32 -swc -warn-protos -si-revision 0.2 -proc ADSP-21489 -o .\Release\Volume.doj -MM
"E:\Program Files (x86)\Analog Devices\VisualDSP 5.1.2\cc21k.exe" -c .\src\Write_File.c -file-attr ProjectName=DSP950_V020160113 -O -Ov100 -structs-do-not-overlap -no-multiline -double-size-32 -swc -warn-protos -si-revision 0.2 -proc ADSP-21489 -o .\Release\Write_File.doj -MM
"E:\Program Files (x86)\Analog Devices\VisualDSP 5.1.2\cc21k.exe" .\Release\Channel_To_DA_Port.doj .\Release\CS4385A.doj .\Release\CS5368.doj .\Release\Dsp_Signal.doj .\Release\EQ.doj .\Release\init_PLL_SDRAM.doj .\Release\initSRU.doj .\Release\Input_Types.doj .\Release\main.doj .\Release\MIC.doj .\Release\PCM4104.doj .\Release\RCA.doj .\Release\Spdif_Coax.doj .\Release\SPI.doj .\Release\Spi_Code.doj .\Release\SPORT0_isr.doj .\Release\timer.doj .\Release\Volume.doj .\Release\Write_File.doj -T .\ADSP-21489.LDF -map .\Release\DSP950_V020160113.map.xml -flags-link -ip -L .\Release -L .\include -flags-link -e -swc -flags-link -od,.\Release -o .\Release\DSP950_V020160113.dxe -proc ADSP-21489 -si-revision 0.2 -flags-link -MM
"E:\Program Files (x86)\Analog Devices\VisualDSP 5.1.2\elfloader.exe" -bspislave -fBinary -HostWidth8 -l "E:\Program Files (x86)\Analog Devices\VisualDSP 5.1.2\214xx\ldr\489_spi.dxe" .\Release\DSP950_V020160113.dxe -o .\Release\DSP950_V020160113.ldr -si-revision 0.2 -proc ADSP-21489 -MM
