# Generated by the VisualDSP++ IDDE (Tue Dec 27 14:11:19 2016)
# Project File: D:\ADSP21489\workspace\DSP950\DSP950_V020161223\DSP950_V020161223.dpj

"D:\Program Files\Analog Devices\VisualDSP 5.1.2\cc21k.exe" -c .\src\Input_Types.c -file-attr ProjectName=DSP950_V020161223 -g -structs-do-not-overlap -no-multiline -I .\include -double-size-32 -swc -warn-protos -si-revision 0.2 -proc ADSP-21489 -o .\Debug\Input_Types.doj -MM
".\src\Input_Types.c", line 371: cc1080: {D} warning: Function does not have a
          full prototype
      sim_31band_EQ_setgaintofilters(bandz, AlignmentChannel - 1, gain);
      ^

".\src\Input_Types.c", line 376: cc1080: {D} warning: Function does not have a
          full prototype
      sim_31band_EQ_setgaintofilters(bandz, i, gain);
      ^

".\src\Input_Types.c", line 382: cc1080: {D} warning: Function does not have a
          full prototype
      sim_31band_EQ_setgaintofilters(bandz, i, gain); 
      ^

".\src\Input_Types.c", line 388: cc1080: {D} warning: Function does not have a
          full prototype
      sim_31band_EQ_setgaintofilters(bandz, i, gain); 
      ^

".\src\Input_Types.c", line 394: cc1080: {D} warning: Function does not have a
          full prototype
      sim_31band_EQ_setgaintofilters(bandz, i, gain); 
      ^

".\src\Input_Types.c", line 400: cc1080: {D} warning: Function does not have a
          full prototype
      sim_31band_EQ_setgaintofilters(bandz, i, gain); 
      ^

".\src\Input_Types.c", line 406: cc1080: {D} warning: Function does not have a
          full prototype
      sim_31band_EQ_setgaintofilters(bandz, i, gain); 
      ^

".\src\Input_Types.c", line 412: cc1080: {D} warning: Function does not have a
          full prototype
  testsignal_generator_oneframe(SignalModeVal, FFTSIZE / 2, da_channel_buffer[0], 1);
  ^

".\src\Input_Types.c", line 442: cc1080: {D} warning: Function does not have a
          full prototype
  filter_process_GEQ_block(da_channel_buffer[j], da_channel_buffer[j], FFTSIZE / 2, j);
  ^

".\src\Input_Types.c", line 443: cc1080: {D} warning: Function does not have a
          full prototype
  filter_process_HPF_block_dl(da_channel_buffer[j], da_channel_buffer[j], FFTSIZE / 2, j);
  ^

".\src\Input_Types.c", line 444: cc1080: {D} warning: Function does not have a
          full prototype
  filter_process_LPF_block(da_channel_buffer[j], da_channel_buffer[j], FFTSIZE / 2, j);
  ^

".\src\Input_Types.c", line 506: cc1080: {D} warning: Function does not have a
          full prototype
  frequencydivision_channel(channel_index,bandx, da_channel_buffer[channel_index],
  ^

".\src\Input_Types.c", line 553: cc0260: {D} warning: explicit type is missing
          ("int" assumed)
  section ("seg_ext_dmda") i_now_da_addr_g_i_da_write_addr[1000][2];
                           ^

".\src\Input_Types.c", line 556: cc0260: {D} warning: explicit type is missing
          ("int" assumed)
  section ("seg_ext_dmda") i_l_current_index_g_i_da_write_addr[1000][3];
                           ^

".\src\Input_Types.c", line 633: cc1080: {D} warning: Function does not have a
          full prototype
  matrixtooutputchannel(da_channel_buffer,da_channel_buffer_multi);
  ^

".\src\Input_Types.c", line 798: cc1080: {D} warning: Function does not have a
          full prototype
  filter_process_GEQ_block(da_channel_buffer_multi[channel_index],da_channel_buffer_multi[channel_index], FFTSIZE / 2, channel_index);
  ^

".\src\Input_Types.c", line 799: cc1080: {D} warning: Function does not have a
          full prototype
  filter_process_HPF_block_dl(da_channel_buffer_multi[channel_index], da_channel_buffer_multi[channel_index], FFTSIZE / 2, channel_index);
  ^

".\src\Input_Types.c", line 800: cc1080: {D} warning: Function does not have a
          full prototype
  filter_process_LPF_block(da_channel_buffer_multi[channel_index], da_channel_buffer_multi[channel_index], FFTSIZE / 2, channel_index);
  ^

".\src\Input_Types.c", line 819: cc1080: {D} warning: Function does not have a
          full prototype
  frequencydivision_channel(channel_index,bandx, da_channel_buffer_multi[channel_index],
  ^

".\src\Input_Types.c", line 1049: cc1080: {D} warning: Function does not have
          a full prototype
  g_i_spdif_current_index = Get_Current_Dma_Rxblock_SPDIF();
                            ^

".\src\Input_Types.c", line 1212: cc0128: {D} warning: loop is not reachable
          from preceding code
  for(i = 0 ; i < 8 ; i ++)
  ^

".\src\Input_Types.c", line 1338: cc1080: {D} warning: Function does not have
          a full prototype
  test_audio_mode();
  ^

"D:\Program Files\Analog Devices\VisualDSP 5.1.2\cc21k.exe" -c .\main.c -file-attr ProjectName=DSP950_V020161223 -g -structs-do-not-overlap -no-multiline -I .\include -double-size-32 -swc -warn-protos -si-revision 0.2 -proc ADSP-21489 -o .\Debug\main.doj -MM
".\main.c", line 441: cc1080: {D} warning: Function does not have a full
          prototype
  TIMER0();
  ^

".\main.c", line 450: cc1080: {D} warning: Function does not have a full
          prototype
  AD_AES_Select(0);
  ^

".\main.c", line 451: cc1080: {D} warning: Function does not have a full
          prototype
  AD_MIC_Select(0);
  ^

".\main.c", line 452: cc1080: {D} warning: Function does not have a full
          prototype
  AD_AES_Pin_Init(1);
  ^

".\main.c", line 493: cc1080: {D} warning: Function does not have a full
          prototype
  PCM4104_Reset();
  ^

".\main.c", line 495: cc1080: {D} warning: Function does not have a full
          prototype
  PCM4104_Mute(0);
  ^

".\main.c", line 533: cc1080: {D} warning: Function does not have a full
          prototype
  SPI_Init( );
  ^

".\main.c", line 534: cc1080: {D} warning: Function does not have a full
          prototype
  TIMER0();
  ^

".\main.c", line 535: cc1080: {D} warning: Function does not have a full
          prototype
  Volume_Init();
  ^

".\main.c", line 540: cc1080: {D} warning: Function does not have a full
          prototype
  sim_31band_EQ();
  ^

".\main.c", line 541: cc1080: {D} warning: Function does not have a full
          prototype
  zero_filterstate();
  ^

".\main.c", line 542: cc1080: {D} warning: Function does not have a full
          prototype
  init_divisionfilter();
  ^

".\main.c", line 545: cc1080: {D} warning: Function does not have a full
          prototype
  PCM4104_Init();
  ^

".\main.c", line 622: cc1080: {D} warning: Function does not have a full
          prototype
  outpcmDAdatabuf_link();
  ^

".\main.c", line 624: cc1080: {D} warning: Function does not have a full
          prototype
  inputADdatabuf_link();
  ^

".\main.c", line 626: cc1080: {D} warning: Function does not have a full
          prototype
      inputSPDIFdatabuf_link();
      ^

".\main.c", line 635: cc1080: {D} warning: Function does not have a full
          prototype
  handle_spi_code();
  ^

".\main.c", line 642: cc1080: {D} warning: Function does not have a full
          prototype
  sim_31band_EQ_outputparamset();//sim_31band_EQ();
  ^

".\main.c", line 643: cc1080: {D} warning: Function does not have a full
          prototype
  sim_frequencydivisionfilter_outputparamset(); //
  ^

".\main.c", line 647: cc1080: {D} warning: Function does not have a full
          prototype
         handle_spi_code();
         ^

"D:\Program Files\Analog Devices\VisualDSP 5.1.2\cc21k.exe" -c .\src\SPORT0_isr.c -file-attr ProjectName=DSP950_V020161223 -g -structs-do-not-overlap -no-multiline -I .\include -double-size-32 -swc -warn-protos -si-revision 0.2 -proc ADSP-21489 -o .\Debug\SPORT0_isr.doj -MM
".\src\SPORT0_isr.c", line 46: cc1080: {D} warning: Function does not have a
          full prototype
  g_i_da_write_count = get_current_dma_tx_block();
                       ^

".\src\SPORT0_isr.c", line 49: cc1080: {D} warning: Function does not have a
          full prototype
  set_interrupt_times(); 
  ^

"D:\Program Files\Analog Devices\VisualDSP 5.1.2\cc21k.exe" .\Debug\Channel_To_DA_Port.doj .\Debug\CS4385A.doj .\Debug\CS5368.doj .\Debug\Dsp_Signal.doj .\Debug\EQ.doj .\Debug\init_PLL_SDRAM.doj .\Debug\initSRU.doj .\Debug\Input_Types.doj .\Debug\main.doj .\Debug\MIC.doj .\Debug\PCM4104.doj .\Debug\RCA.doj .\Debug\Spdif_Coax.doj .\Debug\SPI.doj .\Debug\Spi_Code.doj .\Debug\SPORT0_isr.doj .\Debug\Volume.doj .\Debug\Write_File.doj -T .\ADSP-21489.LDF -map .\Debug\DSP950_V020161223.map.xml -L .\Debug -L .\lib -add-debug-libpaths -swc -flags-link -od,.\Debug -o .\Debug\DSP950_V020161223.dxe -proc ADSP-21489 -si-revision 0.2 -flags-link -MM
