# Generated by the VisualDSP++ IDDE (Sat Dec 31 15:52:07 2016)
# Project File: D:\ADSP21489\workspace\DSP950\DSP950_V020161228\DSP950_V020161228.dpj

"D:\Program Files\Analog Devices\VisualDSP 5.1.2\cc21k.exe" -c .\src\Input_Types.c -file-attr ProjectName=DSP950_V020161228 -g -structs-do-not-overlap -no-multiline -I .\include -double-size-32 -swc -warn-protos -si-revision 0.2 -proc ADSP-21489 -o .\Debug\Input_Types.doj -MM
".\src\Input_Types.c", line 168: cc1080: {D} warning: Function does not have a
          full prototype
  PCM4104_Mute(1);
  ^

".\src\Input_Types.c", line 312: cc1080: {D} warning: Function does not have a
          full prototype
  PCM4104_Mute(0);
  ^

".\src\Input_Types.c", line 378: cc1080: {D} warning: Function does not have a
          full prototype
      sim_31band_EQ_setgaintofilters(bandz, AlignmentChannel - 1, gain);
      ^

".\src\Input_Types.c", line 383: cc1080: {D} warning: Function does not have a
          full prototype
      sim_31band_EQ_setgaintofilters(bandz, i, gain);
      ^

".\src\Input_Types.c", line 389: cc1080: {D} warning: Function does not have a
          full prototype
      sim_31band_EQ_setgaintofilters(bandz, i, gain); 
      ^

".\src\Input_Types.c", line 395: cc1080: {D} warning: Function does not have a
          full prototype
      sim_31band_EQ_setgaintofilters(bandz, i, gain); 
      ^

".\src\Input_Types.c", line 401: cc1080: {D} warning: Function does not have a
          full prototype
      sim_31band_EQ_setgaintofilters(bandz, i, gain); 
      ^

".\src\Input_Types.c", line 407: cc1080: {D} warning: Function does not have a
          full prototype
      sim_31band_EQ_setgaintofilters(bandz, i, gain); 
      ^

".\src\Input_Types.c", line 413: cc1080: {D} warning: Function does not have a
          full prototype
      sim_31band_EQ_setgaintofilters(bandz, i, gain); 
      ^

".\src\Input_Types.c", line 419: cc1080: {D} warning: Function does not have a
          full prototype
  testsignal_generator_oneframe(SignalModeVal, FFTSIZE / 2, da_channel_buffer[0], 1);
  ^

".\src\Input_Types.c", line 449: cc1080: {D} warning: Function does not have a
          full prototype
  filter_process_GEQ_block(da_channel_buffer[j], da_channel_buffer[j], FFTSIZE / 2, j);
  ^

".\src\Input_Types.c", line 450: cc1080: {D} warning: Function does not have a
          full prototype
  filter_process_HPF_block_dl(da_channel_buffer[j], da_channel_buffer[j], FFTSIZE / 2, j);
  ^

".\src\Input_Types.c", line 451: cc1080: {D} warning: Function does not have a
          full prototype
  filter_process_LPF_block(da_channel_buffer[j], da_channel_buffer[j], FFTSIZE / 2, j);
  ^

".\src\Input_Types.c", line 491: cc1080: {D} warning: Function does not have a
          full prototype
  frequencydivision_channel(channel_index,bandx, da_channel_buffer[channel_index],
  ^

".\src\Input_Types.c", line 538: cc0260: {D} warning: explicit type is missing
          ("int" assumed)
  section ("seg_ext_dmda") i_now_da_addr_g_i_da_write_addr[1000][2];
                           ^

".\src\Input_Types.c", line 541: cc0260: {D} warning: explicit type is missing
          ("int" assumed)
  section ("seg_ext_dmda") i_l_current_index_g_i_da_write_addr[1000][3];
                           ^

".\src\Input_Types.c", line 619: cc1080: {D} warning: Function does not have a
          full prototype
  matrixtooutputchannel(da_channel_buffer,da_channel_buffer_multi);
  ^

".\src\Input_Types.c", line 784: cc1080: {D} warning: Function does not have a
          full prototype
  filter_process_GEQ_block(da_channel_buffer_multi[channel_index],da_channel_buffer_multi[channel_index], FFTSIZE / 2, channel_index);
  ^

".\src\Input_Types.c", line 785: cc1080: {D} warning: Function does not have a
          full prototype
  filter_process_HPF_block_dl(da_channel_buffer_multi[channel_index], da_channel_buffer_multi[channel_index], FFTSIZE / 2, channel_index);
  ^

".\src\Input_Types.c", line 786: cc1080: {D} warning: Function does not have a
          full prototype
  filter_process_LPF_block(da_channel_buffer_multi[channel_index], da_channel_buffer_multi[channel_index], FFTSIZE / 2, channel_index);
  ^

".\src\Input_Types.c", line 805: cc1080: {D} warning: Function does not have a
          full prototype
  frequencydivision_channel(channel_index,bandx, da_channel_buffer_multi[channel_index],
  ^

".\src\Input_Types.c", line 1035: cc1080: {D} warning: Function does not have
          a full prototype
  g_i_spdif_current_index = Get_Current_Dma_Rxblock_SPDIF();
                            ^

".\src\Input_Types.c", line 1054: cc1080: {D} warning: Function does not have
          a full prototype
  g_i_spdif_current_index = Get_Current_Dma_Rxblock_SPDIF();
                            ^

".\src\Input_Types.c", line 1178: cc1080: {D} warning: Function does not have
          a full prototype
  test_audio_mode();
  ^

"D:\Program Files\Analog Devices\VisualDSP 5.1.2\cc21k.exe" .\Debug\Channel_To_DA_Port.doj .\Debug\CS4385A.doj .\Debug\CS5368.doj .\Debug\Dsp_Signal.doj .\Debug\EQ.doj .\Debug\init_PLL_SDRAM.doj .\Debug\initSRU.doj .\Debug\Input_Types.doj .\Debug\main.doj .\Debug\MIC.doj .\Debug\PCM4104.doj .\Debug\RCA.doj .\Debug\Spdif_Coax.doj .\Debug\SPI.doj .\Debug\Spi_Code.doj .\Debug\SPORT0_isr.doj .\Debug\Volume.doj .\Debug\Write_File.doj -T .\ADSP-21489.LDF -map .\Debug\DSP950_V020161228.map.xml -L .\Debug -L .\lib -add-debug-libpaths -swc -flags-link -od,.\Debug -o .\Debug\DSP950_V020161228.dxe -proc ADSP-21489 -si-revision 0.2 -flags-link -MM
